Using pre-set license
Built from '2021.1/staging' branch; Version is '2021.1.15f1 (e767a7370072) revision 15165351'; Using compiler version '192528614'; Build Type 'Release'
OS: 'Windows 10 Home; OS build 19043.1165; Version 2009; 64bit' Language: 'pt' Physical Memory: 8150 MB
BatchMode: 1, IsHumanControllingUs: 0, StartBugReporterOnCrash: 0, Is64bit: 1, IsPro: 0

 COMMAND LINE ARGUMENTS:
C:\Program Files\Unity\Hub\Editor\2021.1.15f1\Editor\Unity.exe
-adb2
-batchMode
-noUpm
-name
AssetImportWorker0
-projectPath
C:/Users/guiil/OneDrive/Documentos/GitHub/Slipdash
-logFile
Logs/AssetImportWorker0.log
-srvPort
62206
Successfully changed project path to: C:/Users/guiil/OneDrive/Documentos/GitHub/Slipdash
C:/Users/guiil/OneDrive/Documentos/GitHub/Slipdash
Using Asset Import Pipeline V2.
Refreshing native plugins compatible for Editor in 70.70 ms, found 3 plugins.
Preloading 0 native plugins for Editor in 0.00 ms.
Initialize engine version: 2021.1.15f1 (e767a7370072)
[Subsystems] Discovering subsystems at path C:/Program Files/Unity/Hub/Editor/2021.1.15f1/Editor/Data/Resources/UnitySubsystems
[Subsystems] Discovering subsystems at path C:/Users/guiil/OneDrive/Documentos/GitHub/Slipdash/Assets
GfxDevice: creating device client; threaded=0; jobified=0
Direct3D:
    Version:  Direct3D 11.0 [level 11.1]
    Renderer: Radeon RX550/550 Series (ID=0x699f)
    Vendor:   ATI
    VRAM:     2028 MB
    Driver:   27.20.1034.6
Initialize mono
Mono path[0] = 'C:/Program Files/Unity/Hub/Editor/2021.1.15f1/Editor/Data/Managed'
Mono path[1] = 'C:/Program Files/Unity/Hub/Editor/2021.1.15f1/Editor/Data/MonoBleedingEdge/lib/mono/unityjit'
Mono config path = 'C:/Program Files/Unity/Hub/Editor/2021.1.15f1/Editor/Data/MonoBleedingEdge/etc'
Using monoOptions --debugger-agent=transport=dt_socket,embedding=1,server=y,suspend=n,address=127.0.0.1:56512
Begin MonoManager ReloadAssembly
Registering precompiled unity dll's ...
Register platform support module: C:/Program Files/Unity/Hub/Editor/2021.1.15f1/Editor/Data/PlaybackEngines/WebGLSupport/UnityEditor.WebGL.Extensions.dll
Register platform support module: C:/Program Files/Unity/Hub/Editor/2021.1.15f1/Editor/Data/PlaybackEngines/WindowsStandaloneSupport/UnityEditor.WindowsStandalone.Extensions.dll
Registered in 0.002680 seconds.
Native extension for WindowsStandalone target not found
Native extension for WebGL target not found
Refreshing native plugins compatible for Editor in 63.82 ms, found 3 plugins.
Preloading 0 native plugins for Editor in 0.00 ms.
Mono: successfully reloaded assembly
- Completed reload, in  2.150 seconds
Domain Reload Profiling:
	ReloadAssembly (2151ms)
		BeginReloadAssembly (70ms)
			ExecutionOrderSort (0ms)
			DisableScriptedObjects (0ms)
			BackupInstance (0ms)
			ReleaseScriptingObjects (0ms)
			CreateAndSetChildDomain (1ms)
		EndReloadAssembly (605ms)
			LoadAssemblies (68ms)
			RebuildTransferFunctionScriptingTraits (0ms)
			SetupTypeCache (261ms)
			ReleaseScriptCaches (0ms)
			RebuildScriptCaches (38ms)
			SetupLoadedEditorAssemblies (244ms)
				LogAssemblyErrors (0ms)
				InitializePlatformSupportModulesInManaged (10ms)
				SetLoadedEditorAssemblies (0ms)
				RefreshPlugins (64ms)
				BeforeProcessingInitializeOnLoad (2ms)
				ProcessInitializeOnLoadAttributes (129ms)
				ProcessInitializeOnLoadMethodAttributes (39ms)
				AfterProcessingInitializeOnLoad (0ms)
				EditorAssembliesLoaded (0ms)
			ExecutionOrderSort2 (0ms)
			AwakeInstancesAfterBackupRestoration (0ms)
Platform modules already initialized, skipping
Registering precompiled user dll's ...
Registered in 0.012091 seconds.
Begin MonoManager ReloadAssembly
Native extension for WindowsStandalone target not found
Native extension for WebGL target not found
Refreshing native plugins compatible for Editor in 69.58 ms, found 3 plugins.
Preloading 0 native plugins for Editor in 0.00 ms.
Mono: successfully reloaded assembly
- Completed reload, in  1.640 seconds
Domain Reload Profiling:
	ReloadAssembly (1640ms)
		BeginReloadAssembly (203ms)
			ExecutionOrderSort (0ms)
			DisableScriptedObjects (7ms)
			BackupInstance (0ms)
			ReleaseScriptingObjects (0ms)
			CreateAndSetChildDomain (26ms)
		EndReloadAssembly (1350ms)
			LoadAssemblies (122ms)
			RebuildTransferFunctionScriptingTraits (0ms)
			SetupTypeCache (451ms)
			ReleaseScriptCaches (1ms)
			RebuildScriptCaches (75ms)
			SetupLoadedEditorAssemblies (559ms)
				LogAssemblyErrors (0ms)
				InitializePlatformSupportModulesInManaged (7ms)
				SetLoadedEditorAssemblies (0ms)
				RefreshPlugins (70ms)
				BeforeProcessingInitializeOnLoad (91ms)
				ProcessInitializeOnLoadAttributes (361ms)
				ProcessInitializeOnLoadMethodAttributes (24ms)
				AfterProcessingInitializeOnLoad (7ms)
				EditorAssembliesLoaded (0ms)
			ExecutionOrderSort2 (0ms)
			AwakeInstancesAfterBackupRestoration (9ms)
Platform modules already initialized, skipping
========================================================================
Worker process is ready to serve import requests
Launched and connected shader compiler UnityShaderCompiler.exe after 0.05 seconds
Refreshing native plugins compatible for Editor in 0.77 ms, found 3 plugins.
Preloading 0 native plugins for Editor in 0.00 ms.
Unloading 2487 Unused Serialized files (Serialized files now loaded: 0)
System memory in use before: 122.2 MB.
System memory in use after: 122.4 MB.

Unloading 36 unused Assets to reduce memory usage. Loaded Objects now: 2957.
Total: 3.684400 ms (FindLiveObjects: 0.277400 ms CreateObjectMapping: 0.318500 ms MarkObjects: 3.000800 ms  DeleteObjects: 0.081900 ms)

AssetImportParameters requested are different than current active one (requested -> active):
  custom:framework-win-MediaFoundation: 216162199b28c13a410421893ffa2e32 -> 
  custom:video-decoder-ogg-theora: a1e56fd34408186e4bbccfd4996cb3dc -> 
  custom:container-muxer-webm: aa71ff27fc2769a1b78a27578f13a17b -> 
  custom:container-demuxer-webm: 4f35f7cbe854078d1ac9338744f61a02 -> 
  custom:container-demuxer-ogg: 62fdf1f143b41e24485cea50d1cbac27 -> 
  custom:video-encoder-webm-vp8: eb34c28f22e8b96e1ab97ce403110664 -> 
  custom:video-decoder-webm-vp8: 9c59270c3fd7afecdb556c50c9e8de78 -> 
  custom:audio-decoder-ogg-vorbis: bf7c407c2cedff20999df2af8eb42d56 -> 
  custom:audio-encoder-webm-vorbis: bf7c407c2cedff20999df2af8eb42d56 -> 
========================================================================
Received Import Request.
  path: Assets/Scenes/Level 2.unity
  artifactKey: Guid(31fc2f1dd62abfc44903be9fd7de1666) Importer(815301076,1909f56bfc062723c751e8b465ee728b)
Start importing Assets/Scenes/Level 2.unity using Guid(31fc2f1dd62abfc44903be9fd7de1666) Importer(815301076,1909f56bfc062723c751e8b465ee728b)  -> (artifact id: '39e02ecf36009e052ff7990612c3f9fb') in 0.022948 seconds 
========================================================================
Received Import Request.
  Time since last request: 87.156083 seconds.
  path: Assets/Scenes/Level 3.unity
  artifactKey: Guid(7ab21d2eac57a1f4c99132392c84b4ea) Importer(815301076,1909f56bfc062723c751e8b465ee728b)
Start importing Assets/Scenes/Level 3.unity using Guid(7ab21d2eac57a1f4c99132392c84b4ea) Importer(815301076,1909f56bfc062723c751e8b465ee728b)  -> (artifact id: '1b333e32fefc345439d3ef4a4b9ff862') in 0.010585 seconds 
========================================================================
Received Import Request.
  Time since last request: 137.453259 seconds.
  path: Assets/Scenes/Level 3.unity
  artifactKey: Guid(7ab21d2eac57a1f4c99132392c84b4ea) Importer(815301076,1909f56bfc062723c751e8b465ee728b)
Start importing Assets/Scenes/Level 3.unity using Guid(7ab21d2eac57a1f4c99132392c84b4ea) Importer(815301076,1909f56bfc062723c751e8b465ee728b)  -> (artifact id: '5dbb9307ff8056d2db1d571323b0ac0b') in 0.004047 seconds 
========================================================================
Received Import Request.
  Time since last request: 538.293730 seconds.
  path: Assets/Scenes/Level 4.unity
  artifactKey: Guid(630c97d49d81cb0409087fd25607a419) Importer(815301076,1909f56bfc062723c751e8b465ee728b)
Start importing Assets/Scenes/Level 4.unity using Guid(630c97d49d81cb0409087fd25607a419) Importer(815301076,1909f56bfc062723c751e8b465ee728b)  -> (artifact id: '90852c80ba038b4dc35ce1952f29e00f') in 0.010258 seconds 
========================================================================
Received Import Request.
  Time since last request: 395.571121 seconds.
  path: Assets/Scenes/Level 5.unity
  artifactKey: Guid(0a5323e645f40e741ad036693e09da53) Importer(815301076,1909f56bfc062723c751e8b465ee728b)
Start importing Assets/Scenes/Level 5.unity using Guid(0a5323e645f40e741ad036693e09da53) Importer(815301076,1909f56bfc062723c751e8b465ee728b)  -> (artifact id: '861d39da9f9448d02b39c947196d1d92') in 0.009199 seconds 
========================================================================
Received Prepare
Registering precompiled user dll's ...
Registered in 0.011482 seconds.
Begin MonoManager ReloadAssembly
Native extension for WindowsStandalone target not found
Native extension for WebGL target not found
Refreshing native plugins compatible for Editor in 0.59 ms, found 3 plugins.
Preloading 0 native plugins for Editor in 0.00 ms.
Mono: successfully reloaded assembly
- Completed reload, in  1.261 seconds
Domain Reload Profiling:
	ReloadAssembly (1261ms)
		BeginReloadAssembly (125ms)
			ExecutionOrderSort (0ms)
			DisableScriptedObjects (7ms)
			BackupInstance (0ms)
			ReleaseScriptingObjects (0ms)
			CreateAndSetChildDomain (41ms)
		EndReloadAssembly (1068ms)
			LoadAssemblies (98ms)
			RebuildTransferFunctionScriptingTraits (0ms)
			SetupTypeCache (371ms)
			ReleaseScriptCaches (1ms)
			RebuildScriptCaches (83ms)
			SetupLoadedEditorAssemblies (349ms)
				LogAssemblyErrors (0ms)
				InitializePlatformSupportModulesInManaged (6ms)
				SetLoadedEditorAssemblies (0ms)
				RefreshPlugins (1ms)
				BeforeProcessingInitializeOnLoad (73ms)
				ProcessInitializeOnLoadAttributes (247ms)
				ProcessInitializeOnLoadMethodAttributes (12ms)
				AfterProcessingInitializeOnLoad (9ms)
				EditorAssembliesLoaded (0ms)
			ExecutionOrderSort2 (0ms)
			AwakeInstancesAfterBackupRestoration (12ms)
Platform modules already initialized, skipping
Switching build target platform(19) subTarget(0) extendedPlatform(0) -> platform(13) subTarget(537395200) extendedPlatform(0)
Refreshing native plugins compatible for Editor in 0.57 ms, found 3 plugins.
Preloading 0 native plugins for Editor in 0.00 ms.
Unloading 2468 Unused Serialized files (Serialized files now loaded: 0)
System memory in use before: 120.2 MB.
System memory in use after: 120.4 MB.

Unloading 26 unused Assets to reduce memory usage. Loaded Objects now: 2960.
Total: 2.783300 ms (FindLiveObjects: 0.229100 ms CreateObjectMapping: 0.160000 ms MarkObjects: 2.358300 ms  DeleteObjects: 0.034300 ms)

AssetImportParameters requested are different than current active one (requested -> active):
  custom:framework-win-MediaFoundation: 216162199b28c13a410421893ffa2e32 -> 
  custom:video-decoder-ogg-theora: a1e56fd34408186e4bbccfd4996cb3dc -> 
  custom:container-muxer-webm: aa71ff27fc2769a1b78a27578f13a17b -> 
  custom:container-demuxer-webm: 4f35f7cbe854078d1ac9338744f61a02 -> 
  custom:container-demuxer-ogg: 62fdf1f143b41e24485cea50d1cbac27 -> 
  custom:video-encoder-webm-vp8: eb34c28f22e8b96e1ab97ce403110664 -> 
  custom:video-decoder-webm-vp8: 9c59270c3fd7afecdb556c50c9e8de78 -> 
  custom:graphics/normal-map-encoding: 01000000000000000000000000000000 -> 02000000000000000000000000000000
  custom:audio-decoder-ogg-vorbis: bf7c407c2cedff20999df2af8eb42d56 -> 
  custom:audio-encoder-webm-vorbis: bf7c407c2cedff20999df2af8eb42d56 -> 
========================================================================
Received Prepare
Registering precompiled user dll's ...
Registered in 0.011748 seconds.
Begin MonoManager ReloadAssembly
Native extension for WindowsStandalone target not found
Native extension for WebGL target not found
Refreshing native plugins compatible for Editor in 1.04 ms, found 3 plugins.
Preloading 0 native plugins for Editor in 0.00 ms.
Mono: successfully reloaded assembly
- Completed reload, in  1.446 seconds
Domain Reload Profiling:
	ReloadAssembly (1447ms)
		BeginReloadAssembly (146ms)
			ExecutionOrderSort (0ms)
			DisableScriptedObjects (8ms)
			BackupInstance (0ms)
			ReleaseScriptingObjects (0ms)
			CreateAndSetChildDomain (52ms)
		EndReloadAssembly (1218ms)
			LoadAssemblies (122ms)
			RebuildTransferFunctionScriptingTraits (0ms)
			SetupTypeCache (432ms)
			ReleaseScriptCaches (2ms)
			RebuildScriptCaches (81ms)
			SetupLoadedEditorAssemblies (422ms)
				LogAssemblyErrors (0ms)
				InitializePlatformSupportModulesInManaged (7ms)
				SetLoadedEditorAssemblies (1ms)
				RefreshPlugins (1ms)
				BeforeProcessingInitializeOnLoad (87ms)
				ProcessInitializeOnLoadAttributes (305ms)
				ProcessInitializeOnLoadMethodAttributes (13ms)
				AfterProcessingInitializeOnLoad (8ms)
				EditorAssembliesLoaded (0ms)
			ExecutionOrderSort2 (0ms)
			AwakeInstancesAfterBackupRestoration (14ms)
Platform modules already initialized, skipping
Switching build target platform(19) subTarget(0) extendedPlatform(0) -> platform(13) subTarget(537395200) extendedPlatform(0)
Refreshing native plugins compatible for Editor in 0.77 ms, found 3 plugins.
Preloading 0 native plugins for Editor in 0.00 ms.
Unloading 2468 Unused Serialized files (Serialized files now loaded: 0)
System memory in use before: 120.2 MB.
System memory in use after: 120.4 MB.

Unloading 26 unused Assets to reduce memory usage. Loaded Objects now: 2963.
Total: 3.378900 ms (FindLiveObjects: 0.277700 ms CreateObjectMapping: 0.294000 ms MarkObjects: 2.776600 ms  DeleteObjects: 0.028800 ms)

AssetImportParameters requested are different than current active one (requested -> active):
  custom:framework-win-MediaFoundation: 216162199b28c13a410421893ffa2e32 -> 
  custom:video-decoder-ogg-theora: a1e56fd34408186e4bbccfd4996cb3dc -> 
  custom:container-muxer-webm: aa71ff27fc2769a1b78a27578f13a17b -> 
  custom:container-demuxer-webm: 4f35f7cbe854078d1ac9338744f61a02 -> 
  custom:container-demuxer-ogg: 62fdf1f143b41e24485cea50d1cbac27 -> 
  custom:video-encoder-webm-vp8: eb34c28f22e8b96e1ab97ce403110664 -> 
  custom:video-decoder-webm-vp8: 9c59270c3fd7afecdb556c50c9e8de78 -> 
  custom:graphics/normal-map-encoding: 01000000000000000000000000000000 -> 02000000000000000000000000000000
  custom:audio-decoder-ogg-vorbis: bf7c407c2cedff20999df2af8eb42d56 -> 
  custom:audio-encoder-webm-vorbis: bf7c407c2cedff20999df2af8eb42d56 -> 
========================================================================
Received Import Request.
  Time since last request: 602.588304 seconds.
  path: Assets/Scenes/Level 6.unity
  artifactKey: Guid(da42ccc9d173515429a2778fb7b5999f) Importer(815301076,1909f56bfc062723c751e8b465ee728b)
Start importing Assets/Scenes/Level 6.unity using Guid(da42ccc9d173515429a2778fb7b5999f) Importer(815301076,1909f56bfc062723c751e8b465ee728b)  -> (artifact id: '6da566679c048655dd59b358aa986cc2') in 0.020088 seconds 
========================================================================
Received Import Request.
  Time since last request: 6.892067 seconds.
  path: Assets/Scenes/Level 7.unity
  artifactKey: Guid(308df4064ff28ac488f1d4567ceb0934) Importer(815301076,1909f56bfc062723c751e8b465ee728b)
Start importing Assets/Scenes/Level 7.unity using Guid(308df4064ff28ac488f1d4567ceb0934) Importer(815301076,1909f56bfc062723c751e8b465ee728b)  -> (artifact id: 'c76fbbe4ee24e6142f4143b7459f594e') in 0.008475 seconds 
========================================================================
Received Import Request.
  Time since last request: 8.480519 seconds.
  path: Assets/Scenes/Level 7.unity
  artifactKey: Guid(b715f7105af0e8848afe1e7114e8ca86) Importer(815301076,1909f56bfc062723c751e8b465ee728b)
Start importing Assets/Scenes/Level 7.unity using Guid(b715f7105af0e8848afe1e7114e8ca86) Importer(815301076,1909f56bfc062723c751e8b465ee728b)  -> (artifact id: '6413fc6ba8f85898599d352c4db98adc') in 0.008119 seconds 
========================================================================
Received Import Request.
  Time since last request: 0.597444 seconds.
  path: Assets/Scenes/Level 8.unity
  artifactKey: Guid(c32aab165b33b594f91a8af14c5dd532) Importer(815301076,1909f56bfc062723c751e8b465ee728b)
Start importing Assets/Scenes/Level 8.unity using Guid(c32aab165b33b594f91a8af14c5dd532) Importer(815301076,1909f56bfc062723c751e8b465ee728b)  -> (artifact id: 'f0b4d7722d584ba87b966bb96ff35f89') in 0.008885 seconds 
========================================================================
Received Import Request.
  Time since last request: 0.298669 seconds.
  path: Assets/Scenes/Level 9.unity
  artifactKey: Guid(75fe4b31544bcbf42ad65a92948e6cce) Importer(815301076,1909f56bfc062723c751e8b465ee728b)
Start importing Assets/Scenes/Level 9.unity using Guid(75fe4b31544bcbf42ad65a92948e6cce) Importer(815301076,1909f56bfc062723c751e8b465ee728b)  -> (artifact id: '5c10111e220d56b7908907bbe0c29432') in 0.009470 seconds 
========================================================================
Received Import Request.
  Time since last request: 0.557364 seconds.
  path: Assets/Scenes/Level 11.unity
  artifactKey: Guid(d54887f2c6c4b1342bb66b0c1dfffa7e) Importer(815301076,1909f56bfc062723c751e8b465ee728b)
Start importing Assets/Scenes/Level 11.unity using Guid(d54887f2c6c4b1342bb66b0c1dfffa7e) Importer(815301076,1909f56bfc062723c751e8b465ee728b)  -> (artifact id: '97558130f6d0e9dca335c6a59c12df55') in 0.008834 seconds 
========================================================================
Received Import Request.
  Time since last request: 0.158949 seconds.
  path: Assets/Scenes/Level 13.unity
  artifactKey: Guid(409f44cdb998fc245811b26919b707ec) Importer(815301076,1909f56bfc062723c751e8b465ee728b)
Start importing Assets/Scenes/Level 13.unity using Guid(409f44cdb998fc245811b26919b707ec) Importer(815301076,1909f56bfc062723c751e8b465ee728b)  -> (artifact id: '2b4cab8748d21ac2110b5703f1318bef') in 0.008477 seconds 
========================================================================
Received Import Request.
  Time since last request: 0.167830 seconds.
  path: Assets/Scenes/Level 15.unity
  artifactKey: Guid(7d5e33eeb97ef42449a609e45cacc2a2) Importer(815301076,1909f56bfc062723c751e8b465ee728b)
Start importing Assets/Scenes/Level 15.unity using Guid(7d5e33eeb97ef42449a609e45cacc2a2) Importer(815301076,1909f56bfc062723c751e8b465ee728b)  -> (artifact id: '4d1eae5334e29dd9612f728c02fa5dd9') in 0.008889 seconds 
========================================================================
Received Import Request.
  Time since last request: 0.182041 seconds.
  path: Assets/Scenes/Level 17.unity
  artifactKey: Guid(100422324f43cc4458fb9682cf463dd0) Importer(815301076,1909f56bfc062723c751e8b465ee728b)
Start importing Assets/Scenes/Level 17.unity using Guid(100422324f43cc4458fb9682cf463dd0) Importer(815301076,1909f56bfc062723c751e8b465ee728b)  -> (artifact id: '466831c0df5660f3b75351f0190a0bdf') in 0.008921 seconds 
========================================================================
Received Import Request.
  Time since last request: 0.160483 seconds.
  path: Assets/Scenes/Level 19.unity
  artifactKey: Guid(be9740cbfb01aa449952174208258656) Importer(815301076,1909f56bfc062723c751e8b465ee728b)
Start importing Assets/Scenes/Level 19.unity using Guid(be9740cbfb01aa449952174208258656) Importer(815301076,1909f56bfc062723c751e8b465ee728b)  -> (artifact id: 'd492497bc7e2d5c8c782661c50b254d4') in 0.008564 seconds 
========================================================================
Received Import Request.
  Time since last request: 0.167272 seconds.
  path: Assets/Scenes/Level 21.unity
  artifactKey: Guid(e918e745d71a2f1468c8716f6d757190) Importer(815301076,1909f56bfc062723c751e8b465ee728b)
Start importing Assets/Scenes/Level 21.unity using Guid(e918e745d71a2f1468c8716f6d757190) Importer(815301076,1909f56bfc062723c751e8b465ee728b)  -> (artifact id: 'e09683f2c2864c52b9353bd8384bc058') in 0.008276 seconds 
========================================================================
Received Import Request.
  Time since last request: 0.160814 seconds.
  path: Assets/Scenes/Level 23.unity
  artifactKey: Guid(f248f249998aeae4abfff4457d495c22) Importer(815301076,1909f56bfc062723c751e8b465ee728b)
Start importing Assets/Scenes/Level 23.unity using Guid(f248f249998aeae4abfff4457d495c22) Importer(815301076,1909f56bfc062723c751e8b465ee728b)  -> (artifact id: '5bff686073a87fc07666e8c103dc8079') in 0.008630 seconds 
========================================================================
Received Import Request.
  Time since last request: 0.166749 seconds.
  path: Assets/Scenes/Level 25.unity
  artifactKey: Guid(4de5289bcff6c9b4ab9f06827ffc6895) Importer(815301076,1909f56bfc062723c751e8b465ee728b)
Start importing Assets/Scenes/Level 25.unity using Guid(4de5289bcff6c9b4ab9f06827ffc6895) Importer(815301076,1909f56bfc062723c751e8b465ee728b)  -> (artifact id: '244db8d980986c3611f0a3e0ab4997c0') in 0.010788 seconds 
========================================================================
Received Import Request.
  Time since last request: 0.157806 seconds.
  path: Assets/Scenes/Level 27.unity
  artifactKey: Guid(1dc798d3634c0004c9aef87b326cd068) Importer(815301076,1909f56bfc062723c751e8b465ee728b)
Start importing Assets/Scenes/Level 27.unity using Guid(1dc798d3634c0004c9aef87b326cd068) Importer(815301076,1909f56bfc062723c751e8b465ee728b)  -> (artifact id: 'bcfba2b75ca21374b79529d76d2d946d') in 0.008551 seconds 
========================================================================
Received Import Request.
  Time since last request: 0.110074 seconds.
  path: Assets/Scenes/Level 28.unity
  artifactKey: Guid(009b47c61fb2e044590dd27b76b1afb3) Importer(815301076,1909f56bfc062723c751e8b465ee728b)
Start importing Assets/Scenes/Level 28.unity using Guid(009b47c61fb2e044590dd27b76b1afb3) Importer(815301076,1909f56bfc062723c751e8b465ee728b)  -> (artifact id: '26cee3ee1e5f0ef06084b8044079b92b') in 0.008960 seconds 
========================================================================
Received Import Request.
  Time since last request: 0.238728 seconds.
  path: Assets/Scenes/Level 29.unity
  artifactKey: Guid(b0392e74378dbf34ba142a92b2917440) Importer(815301076,1909f56bfc062723c751e8b465ee728b)
Start importing Assets/Scenes/Level 29.unity using Guid(b0392e74378dbf34ba142a92b2917440) Importer(815301076,1909f56bfc062723c751e8b465ee728b)  -> (artifact id: 'a81cbcb6921c9be3e7792c5909540833') in 0.009364 seconds 
========================================================================
Received Import Request.
  Time since last request: 0.137106 seconds.
  path: Assets/Scenes/Level 30.unity
  artifactKey: Guid(7042bcf0908a41e499017d60394e4a9c) Importer(815301076,1909f56bfc062723c751e8b465ee728b)
Start importing Assets/Scenes/Level 30.unity using Guid(7042bcf0908a41e499017d60394e4a9c) Importer(815301076,1909f56bfc062723c751e8b465ee728b)  -> (artifact id: '9876e272286302c0df02aa772dd34340') in 0.008349 seconds 
========================================================================
Received Import Request.
  Time since last request: 0.164147 seconds.
  path: Assets/Scenes/Level 31.unity
  artifactKey: Guid(d94de3560e1c8e64083aedd4c8821998) Importer(815301076,1909f56bfc062723c751e8b465ee728b)
Start importing Assets/Scenes/Level 31.unity using Guid(d94de3560e1c8e64083aedd4c8821998) Importer(815301076,1909f56bfc062723c751e8b465ee728b)  -> (artifact id: 'b49d05b690f372f499b113c7d2dfbfb3') in 0.007574 seconds 
========================================================================
Received Import Request.
  Time since last request: 0.174330 seconds.
  path: Assets/Scenes/Level 32.unity
  artifactKey: Guid(f30fde5c2cbaab54997b67256011d95a) Importer(815301076,1909f56bfc062723c751e8b465ee728b)
Start importing Assets/Scenes/Level 32.unity using Guid(f30fde5c2cbaab54997b67256011d95a) Importer(815301076,1909f56bfc062723c751e8b465ee728b)  -> (artifact id: '9bf1a0d27eff50318cca46119a6291b9') in 0.008355 seconds 
========================================================================
Received Import Request.
  Time since last request: 0.177255 seconds.
  path: Assets/Scenes/Level 33.unity
  artifactKey: Guid(83496dbc9540ce340b7f325657e192e5) Importer(815301076,1909f56bfc062723c751e8b465ee728b)
Start importing Assets/Scenes/Level 33.unity using Guid(83496dbc9540ce340b7f325657e192e5) Importer(815301076,1909f56bfc062723c751e8b465ee728b)  -> (artifact id: '2e3b3775135f7a845da7e5db5fdc38d2') in 0.008219 seconds 
========================================================================
Received Import Request.
  Time since last request: 0.158105 seconds.
  path: Assets/Scenes/Level 34.unity
  artifactKey: Guid(24d4944db6733ba4a9f0129ada9e8af8) Importer(815301076,1909f56bfc062723c751e8b465ee728b)
Start importing Assets/Scenes/Level 34.unity using Guid(24d4944db6733ba4a9f0129ada9e8af8) Importer(815301076,1909f56bfc062723c751e8b465ee728b)  -> (artifact id: '3a04f15d39a7a4a855cb658d0ef99da4') in 0.008114 seconds 
========================================================================
Received Import Request.
  Time since last request: 0.154545 seconds.
  path: Assets/Scenes/Level 35.unity
  artifactKey: Guid(43034203459a781459791cf987a73adc) Importer(815301076,1909f56bfc062723c751e8b465ee728b)
Start importing Assets/Scenes/Level 35.unity using Guid(43034203459a781459791cf987a73adc) Importer(815301076,1909f56bfc062723c751e8b465ee728b)  -> (artifact id: '319aef3fd08e085251549ff61a5cc145') in 0.007673 seconds 
========================================================================
Received Import Request.
  Time since last request: 0.132716 seconds.
  path: Assets/Scenes/Level 36.unity
  artifactKey: Guid(cfb5a734aea01fa41b526044b7c4b475) Importer(815301076,1909f56bfc062723c751e8b465ee728b)
Start importing Assets/Scenes/Level 36.unity using Guid(cfb5a734aea01fa41b526044b7c4b475) Importer(815301076,1909f56bfc062723c751e8b465ee728b)  -> (artifact id: '262d1fec6fe38ef3c3a8b0973da6e37c') in 0.007822 seconds 
========================================================================
Received Import Request.
  Time since last request: 0.140303 seconds.
  path: Assets/Scenes/Level 37.unity
  artifactKey: Guid(e5ddd5831da66594a9611d7aa76b49e0) Importer(815301076,1909f56bfc062723c751e8b465ee728b)
Start importing Assets/Scenes/Level 37.unity using Guid(e5ddd5831da66594a9611d7aa76b49e0) Importer(815301076,1909f56bfc062723c751e8b465ee728b)  -> (artifact id: '234ad57febe91d12047e92ec6f4ed599') in 0.012692 seconds 
========================================================================
Received Import Request.
  Time since last request: 0.131954 seconds.
  path: Assets/Scenes/Level 38.unity
  artifactKey: Guid(0914d833cb8750c4eb27d46571fe94c5) Importer(815301076,1909f56bfc062723c751e8b465ee728b)
Start importing Assets/Scenes/Level 38.unity using Guid(0914d833cb8750c4eb27d46571fe94c5) Importer(815301076,1909f56bfc062723c751e8b465ee728b)  -> (artifact id: '8671f157c0c33e32a0b446c195ab4fae') in 0.008893 seconds 
========================================================================
Received Import Request.
  Time since last request: 0.528010 seconds.
  path: Assets/Scenes/Level 39.unity
  artifactKey: Guid(a91604e35dd19d44cba98ac9a46399be) Importer(815301076,1909f56bfc062723c751e8b465ee728b)
Start importing Assets/Scenes/Level 39.unity using Guid(a91604e35dd19d44cba98ac9a46399be) Importer(815301076,1909f56bfc062723c751e8b465ee728b)  -> (artifact id: '969d1070bc1f694ee03eba95e9fc4629') in 0.007913 seconds 
========================================================================
Received Import Request.
  Time since last request: 0.281240 seconds.
  path: Assets/Scenes/Level 40.unity
  artifactKey: Guid(6e5b906a50532e44eb14cf80e0bca81b) Importer(815301076,1909f56bfc062723c751e8b465ee728b)
Start importing Assets/Scenes/Level 40.unity using Guid(6e5b906a50532e44eb14cf80e0bca81b) Importer(815301076,1909f56bfc062723c751e8b465ee728b)  -> (artifact id: '52ec8796f10af08621e097e15ce8071f') in 0.008342 seconds 
========================================================================
Received Prepare
Registering precompiled user dll's ...
Registered in 0.033028 seconds.
Begin MonoManager ReloadAssembly
Native extension for WindowsStandalone target not found
Native extension for WebGL target not found
Refreshing native plugins compatible for Editor in 0.77 ms, found 3 plugins.
Preloading 0 native plugins for Editor in 0.00 ms.
Mono: successfully reloaded assembly
- Completed reload, in  1.443 seconds
Domain Reload Profiling:
	ReloadAssembly (1443ms)
		BeginReloadAssembly (150ms)
			ExecutionOrderSort (0ms)
			DisableScriptedObjects (8ms)
			BackupInstance (0ms)
			ReleaseScriptingObjects (0ms)
			CreateAndSetChildDomain (49ms)
		EndReloadAssembly (1211ms)
			LoadAssemblies (121ms)
			RebuildTransferFunctionScriptingTraits (0ms)
			SetupTypeCache (425ms)
			ReleaseScriptCaches (2ms)
			RebuildScriptCaches (71ms)
			SetupLoadedEditorAssemblies (421ms)
				LogAssemblyErrors (0ms)
				InitializePlatformSupportModulesInManaged (8ms)
				SetLoadedEditorAssemblies (0ms)
				RefreshPlugins (1ms)
				BeforeProcessingInitializeOnLoad (88ms)
				ProcessInitializeOnLoadAttributes (301ms)
				ProcessInitializeOnLoadMethodAttributes (14ms)
				AfterProcessingInitializeOnLoad (8ms)
				EditorAssembliesLoaded (0ms)
			ExecutionOrderSort2 (0ms)
			AwakeInstancesAfterBackupRestoration (14ms)
Platform modules already initialized, skipping
Switching build target platform(19) subTarget(0) extendedPlatform(0) -> platform(13) subTarget(537395200) extendedPlatform(0)
Refreshing native plugins compatible for Editor in 0.65 ms, found 3 plugins.
Preloading 0 native plugins for Editor in 0.00 ms.
Unloading 2468 Unused Serialized files (Serialized files now loaded: 0)
System memory in use before: 120.4 MB.
System memory in use after: 120.6 MB.

Unloading 26 unused Assets to reduce memory usage. Loaded Objects now: 2966.
Total: 3.282800 ms (FindLiveObjects: 0.235000 ms CreateObjectMapping: 0.160100 ms MarkObjects: 2.861900 ms  DeleteObjects: 0.024400 ms)

AssetImportParameters requested are different than current active one (requested -> active):
  custom:framework-win-MediaFoundation: 216162199b28c13a410421893ffa2e32 -> 
  custom:video-decoder-ogg-theora: a1e56fd34408186e4bbccfd4996cb3dc -> 
  custom:container-muxer-webm: aa71ff27fc2769a1b78a27578f13a17b -> 
  custom:container-demuxer-webm: 4f35f7cbe854078d1ac9338744f61a02 -> 
  custom:container-demuxer-ogg: 62fdf1f143b41e24485cea50d1cbac27 -> 
  custom:video-encoder-webm-vp8: eb34c28f22e8b96e1ab97ce403110664 -> 
  custom:video-decoder-webm-vp8: 9c59270c3fd7afecdb556c50c9e8de78 -> 
  custom:graphics/normal-map-encoding: 01000000000000000000000000000000 -> 02000000000000000000000000000000
  custom:audio-decoder-ogg-vorbis: bf7c407c2cedff20999df2af8eb42d56 -> 
  custom:audio-encoder-webm-vorbis: bf7c407c2cedff20999df2af8eb42d56 -> 
========================================================================
Received Import Request.
  Time since last request: 759.765489 seconds.
  path: Assets/Scenes/Level 8.unity
  artifactKey: Guid(c32aab165b33b594f91a8af14c5dd532) Importer(815301076,1909f56bfc062723c751e8b465ee728b)
Start importing Assets/Scenes/Level 8.unity using Guid(c32aab165b33b594f91a8af14c5dd532) Importer(815301076,1909f56bfc062723c751e8b465ee728b)  -> (artifact id: 'b098a96f4ab2e0e4a2f76af09edd5c0d') in 0.018722 seconds 
========================================================================
Received Import Request.
  Time since last request: 0.684674 seconds.
  path: Assets/Scenes/Level 7.unity
  artifactKey: Guid(b715f7105af0e8848afe1e7114e8ca86) Importer(815301076,1909f56bfc062723c751e8b465ee728b)
Start importing Assets/Scenes/Level 7.unity using Guid(b715f7105af0e8848afe1e7114e8ca86) Importer(815301076,1909f56bfc062723c751e8b465ee728b)  -> (artifact id: '757cc54d71569b8bb22b1fccc4d8a959') in 0.004777 seconds 
========================================================================
Received Import Request.
  Time since last request: 30.511861 seconds.
  path: Assets/Scenes/Level 9.unity
  artifactKey: Guid(c32aab165b33b594f91a8af14c5dd532) Importer(815301076,1909f56bfc062723c751e8b465ee728b)
Start importing Assets/Scenes/Level 9.unity using Guid(c32aab165b33b594f91a8af14c5dd532) Importer(815301076,1909f56bfc062723c751e8b465ee728b)  -> (artifact id: 'be91df962165b5bdb982db24df4182ce') in 0.004262 seconds 
========================================================================
Received Import Request.
  Time since last request: 2.930811 seconds.
  path: Assets/Scenes/Level 91.unity
  artifactKey: Guid(75fe4b31544bcbf42ad65a92948e6cce) Importer(815301076,1909f56bfc062723c751e8b465ee728b)
Start importing Assets/Scenes/Level 91.unity using Guid(75fe4b31544bcbf42ad65a92948e6cce) Importer(815301076,1909f56bfc062723c751e8b465ee728b)  -> (artifact id: 'a5393a62ac0a0d118094246abb44377e') in 0.007711 seconds 
========================================================================
Received Import Request.
  Time since last request: 5.384511 seconds.
  path: Assets/Scenes/Level 8.unity
  artifactKey: Guid(75fe4b31544bcbf42ad65a92948e6cce) Importer(815301076,1909f56bfc062723c751e8b465ee728b)
Start importing Assets/Scenes/Level 8.unity using Guid(75fe4b31544bcbf42ad65a92948e6cce) Importer(815301076,1909f56bfc062723c751e8b465ee728b)  -> (artifact id: '0d59154f6beedbc6429ad75cf292e4ec') in 0.004123 seconds 
========================================================================
Received Import Request.
  Time since last request: 42.885558 seconds.
  path: Assets/Scenes/Level 8.unity
  artifactKey: Guid(75fe4b31544bcbf42ad65a92948e6cce) Importer(815301076,1909f56bfc062723c751e8b465ee728b)
Start importing Assets/Scenes/Level 8.unity using Guid(75fe4b31544bcbf42ad65a92948e6cce) Importer(815301076,1909f56bfc062723c751e8b465ee728b)  -> (artifact id: 'a141345cfa54b73b6a9270e9e6df0bc8') in 0.003964 seconds 
========================================================================
Received Import Request.
  Time since last request: 164.824378 seconds.
  path: Assets/Scenes/Level 8.unity
  artifactKey: Guid(75fe4b31544bcbf42ad65a92948e6cce) Importer(815301076,1909f56bfc062723c751e8b465ee728b)
Start importing Assets/Scenes/Level 8.unity using Guid(75fe4b31544bcbf42ad65a92948e6cce) Importer(815301076,1909f56bfc062723c751e8b465ee728b)  -> (artifact id: '351406b8fa6e8cd2dbb3d2dd906aef5c') in 0.005201 seconds 
========================================================================
Received Import Request.
  Time since last request: 3.855161 seconds.
  path: Assets/Scenes/Level 10.unity
  artifactKey: Guid(2dd94be5ec4abf149b234cc14815d5c7) Importer(815301076,1909f56bfc062723c751e8b465ee728b)
Start importing Assets/Scenes/Level 10.unity using Guid(2dd94be5ec4abf149b234cc14815d5c7) Importer(815301076,1909f56bfc062723c751e8b465ee728b)  -> (artifact id: '5dfe9fc9c500c76cbf14002975852c3b') in 0.008177 seconds 
========================================================================
Received Import Request.
  Time since last request: 3387.826928 seconds.
  path: Assets/Scenes/Level 10.unity
  artifactKey: Guid(2dd94be5ec4abf149b234cc14815d5c7) Importer(815301076,1909f56bfc062723c751e8b465ee728b)
Start importing Assets/Scenes/Level 10.unity using Guid(2dd94be5ec4abf149b234cc14815d5c7) Importer(815301076,1909f56bfc062723c751e8b465ee728b)  -> (artifact id: 'de004a5f0c5406a82f57d124447ef91c') in 0.012806 seconds 
========================================================================
Received Prepare
Registering precompiled user dll's ...
Registered in 0.010704 seconds.
Begin MonoManager ReloadAssembly
Native extension for WindowsStandalone target not found
Native extension for WebGL target not found
Refreshing native plugins compatible for Editor in 0.75 ms, found 3 plugins.
Preloading 0 native plugins for Editor in 0.00 ms.
Mono: successfully reloaded assembly
- Completed reload, in  1.379 seconds
Domain Reload Profiling:
	ReloadAssembly (1380ms)
		BeginReloadAssembly (166ms)
			ExecutionOrderSort (0ms)
			DisableScriptedObjects (10ms)
			BackupInstance (0ms)
			ReleaseScriptingObjects (0ms)
			CreateAndSetChildDomain (67ms)
		EndReloadAssembly (1143ms)
			LoadAssemblies (125ms)
			RebuildTransferFunctionScriptingTraits (0ms)
			SetupTypeCache (407ms)
			ReleaseScriptCaches (2ms)
			RebuildScriptCaches (61ms)
			SetupLoadedEditorAssemblies (385ms)
				LogAssemblyErrors (0ms)
				InitializePlatformSupportModulesInManaged (9ms)
				SetLoadedEditorAssemblies (1ms)
				RefreshPlugins (1ms)
				BeforeProcessingInitializeOnLoad (77ms)
				ProcessInitializeOnLoadAttributes (280ms)
				ProcessInitializeOnLoadMethodAttributes (11ms)
				AfterProcessingInitializeOnLoad (7ms)
				EditorAssembliesLoaded (0ms)
			ExecutionOrderSort2 (0ms)
			AwakeInstancesAfterBackupRestoration (12ms)
Platform modules already initialized, skipping
Switching build target platform(19) subTarget(0) extendedPlatform(0) -> platform(13) subTarget(537395200) extendedPlatform(0)
Refreshing native plugins compatible for Editor in 0.59 ms, found 3 plugins.
Preloading 0 native plugins for Editor in 0.00 ms.
Unloading 2468 Unused Serialized files (Serialized files now loaded: 0)
System memory in use before: 120.4 MB.
System memory in use after: 120.6 MB.

Unloading 26 unused Assets to reduce memory usage. Loaded Objects now: 2969.
Total: 3.017800 ms (FindLiveObjects: 0.238200 ms CreateObjectMapping: 0.137800 ms MarkObjects: 2.604800 ms  DeleteObjects: 0.035300 ms)

AssetImportParameters requested are different than current active one (requested -> active):
  custom:framework-win-MediaFoundation: 216162199b28c13a410421893ffa2e32 -> 
  custom:video-decoder-ogg-theora: a1e56fd34408186e4bbccfd4996cb3dc -> 
  custom:container-muxer-webm: aa71ff27fc2769a1b78a27578f13a17b -> 
  custom:container-demuxer-webm: 4f35f7cbe854078d1ac9338744f61a02 -> 
  custom:container-demuxer-ogg: 62fdf1f143b41e24485cea50d1cbac27 -> 
  custom:video-encoder-webm-vp8: eb34c28f22e8b96e1ab97ce403110664 -> 
  custom:video-decoder-webm-vp8: 9c59270c3fd7afecdb556c50c9e8de78 -> 
  custom:graphics/normal-map-encoding: 01000000000000000000000000000000 -> 02000000000000000000000000000000
  custom:audio-decoder-ogg-vorbis: bf7c407c2cedff20999df2af8eb42d56 -> 
  custom:audio-encoder-webm-vorbis: bf7c407c2cedff20999df2af8eb42d56 -> 
========================================================================
Received Prepare
Registering precompiled user dll's ...
Registered in 0.010811 seconds.
Begin MonoManager ReloadAssembly
Native extension for WindowsStandalone target not found
Native extension for WebGL target not found
Refreshing native plugins compatible for Editor in 0.55 ms, found 3 plugins.
Preloading 0 native plugins for Editor in 0.00 ms.
Mono: successfully reloaded assembly
- Completed reload, in  1.294 seconds
Domain Reload Profiling:
	ReloadAssembly (1294ms)
		BeginReloadAssembly (131ms)
			ExecutionOrderSort (0ms)
			DisableScriptedObjects (6ms)
			BackupInstance (0ms)
			ReleaseScriptingObjects (0ms)
			CreateAndSetChildDomain (41ms)
		EndReloadAssembly (1094ms)
			LoadAssemblies (102ms)
			RebuildTransferFunctionScriptingTraits (0ms)
			SetupTypeCache (351ms)
			ReleaseScriptCaches (1ms)
			RebuildScriptCaches (57ms)
			SetupLoadedEditorAssemblies (411ms)
				LogAssemblyErrors (0ms)
				InitializePlatformSupportModulesInManaged (6ms)
				SetLoadedEditorAssemblies (1ms)
				RefreshPlugins (1ms)
				BeforeProcessingInitializeOnLoad (84ms)
				ProcessInitializeOnLoadAttributes (298ms)
				ProcessInitializeOnLoadMethodAttributes (13ms)
				AfterProcessingInitializeOnLoad (9ms)
				EditorAssembliesLoaded (0ms)
			ExecutionOrderSort2 (0ms)
			AwakeInstancesAfterBackupRestoration (14ms)
Platform modules already initialized, skipping
Switching build target platform(19) subTarget(0) extendedPlatform(0) -> platform(13) subTarget(537395200) extendedPlatform(0)
Refreshing native plugins compatible for Editor in 0.83 ms, found 3 plugins.
Preloading 0 native plugins for Editor in 0.00 ms.
Unloading 2468 Unused Serialized files (Serialized files now loaded: 0)
System memory in use before: 120.3 MB.
System memory in use after: 120.6 MB.

Unloading 26 unused Assets to reduce memory usage. Loaded Objects now: 2972.
Total: 3.388200 ms (FindLiveObjects: 0.364100 ms CreateObjectMapping: 0.181800 ms MarkObjects: 2.815300 ms  DeleteObjects: 0.024700 ms)

AssetImportParameters requested are different than current active one (requested -> active):
  custom:framework-win-MediaFoundation: 216162199b28c13a410421893ffa2e32 -> 
  custom:video-decoder-ogg-theora: a1e56fd34408186e4bbccfd4996cb3dc -> 
  custom:container-muxer-webm: aa71ff27fc2769a1b78a27578f13a17b -> 
  custom:container-demuxer-webm: 4f35f7cbe854078d1ac9338744f61a02 -> 
  custom:container-demuxer-ogg: 62fdf1f143b41e24485cea50d1cbac27 -> 
  custom:video-encoder-webm-vp8: eb34c28f22e8b96e1ab97ce403110664 -> 
  custom:video-decoder-webm-vp8: 9c59270c3fd7afecdb556c50c9e8de78 -> 
  custom:graphics/normal-map-encoding: 01000000000000000000000000000000 -> 02000000000000000000000000000000
  custom:audio-decoder-ogg-vorbis: bf7c407c2cedff20999df2af8eb42d56 -> 
  custom:audio-encoder-webm-vorbis: bf7c407c2cedff20999df2af8eb42d56 -> 
========================================================================
Received Import Request.
  Time since last request: 1102.565949 seconds.
  path: Assets/Scenes/Level 12.unity
  artifactKey: Guid(d1bad54be3b50d54aa392cbbd088f2b5) Importer(815301076,1909f56bfc062723c751e8b465ee728b)
Start importing Assets/Scenes/Level 12.unity using Guid(d1bad54be3b50d54aa392cbbd088f2b5) Importer(815301076,1909f56bfc062723c751e8b465ee728b)  -> (artifact id: 'c0054b9849facf69f6a14b707fb1fccd') in 0.020454 seconds 
========================================================================
Received Import Request.
  Time since last request: 1.689054 seconds.
  path: Assets/Scenes/Level 14.unity
  artifactKey: Guid(3d5455e0abe03c64fa9f4d1d84505ac2) Importer(815301076,1909f56bfc062723c751e8b465ee728b)
Start importing Assets/Scenes/Level 14.unity using Guid(3d5455e0abe03c64fa9f4d1d84505ac2) Importer(815301076,1909f56bfc062723c751e8b465ee728b)  -> (artifact id: '0e7b7c967d04ac416919929b1207f5fb') in 0.007349 seconds 
========================================================================
Received Prepare
Registering precompiled user dll's ...
Registered in 0.012788 seconds.
Begin MonoManager ReloadAssembly
Native extension for WindowsStandalone target not found
Native extension for WebGL target not found
Refreshing native plugins compatible for Editor in 0.69 ms, found 3 plugins.
Preloading 0 native plugins for Editor in 0.00 ms.
Mono: successfully reloaded assembly
- Completed reload, in  2.142 seconds
Domain Reload Profiling:
	ReloadAssembly (2142ms)
		BeginReloadAssembly (167ms)
			ExecutionOrderSort (0ms)
			DisableScriptedObjects (10ms)
			BackupInstance (0ms)
			ReleaseScriptingObjects (0ms)
			CreateAndSetChildDomain (52ms)
		EndReloadAssembly (1888ms)
			LoadAssemblies (128ms)
			RebuildTransferFunctionScriptingTraits (0ms)
			SetupTypeCache (842ms)
			ReleaseScriptCaches (2ms)
			RebuildScriptCaches (90ms)
			SetupLoadedEditorAssemblies (596ms)
				LogAssemblyErrors (0ms)
				InitializePlatformSupportModulesInManaged (7ms)
				SetLoadedEditorAssemblies (1ms)
				RefreshPlugins (1ms)
				BeforeProcessingInitializeOnLoad (99ms)
				ProcessInitializeOnLoadAttributes (455ms)
				ProcessInitializeOnLoadMethodAttributes (23ms)
				AfterProcessingInitializeOnLoad (8ms)
				EditorAssembliesLoaded (0ms)
			ExecutionOrderSort2 (0ms)
			AwakeInstancesAfterBackupRestoration (18ms)
Platform modules already initialized, skipping
Switching build target platform(19) subTarget(0) extendedPlatform(0) -> platform(13) subTarget(537395200) extendedPlatform(0)
Refreshing native plugins compatible for Editor in 0.60 ms, found 3 plugins.
Preloading 0 native plugins for Editor in 0.00 ms.
Unloading 2468 Unused Serialized files (Serialized files now loaded: 0)
System memory in use before: 120.5 MB.
System memory in use after: 120.7 MB.

Unloading 26 unused Assets to reduce memory usage. Loaded Objects now: 2975.
Total: 3.416200 ms (FindLiveObjects: 0.275100 ms CreateObjectMapping: 0.156000 ms MarkObjects: 2.961000 ms  DeleteObjects: 0.022600 ms)

AssetImportParameters requested are different than current active one (requested -> active):
  custom:framework-win-MediaFoundation: 216162199b28c13a410421893ffa2e32 -> 
  custom:video-decoder-ogg-theora: a1e56fd34408186e4bbccfd4996cb3dc -> 
  custom:container-muxer-webm: aa71ff27fc2769a1b78a27578f13a17b -> 
  custom:container-demuxer-webm: 4f35f7cbe854078d1ac9338744f61a02 -> 
  custom:container-demuxer-ogg: 62fdf1f143b41e24485cea50d1cbac27 -> 
  custom:video-encoder-webm-vp8: eb34c28f22e8b96e1ab97ce403110664 -> 
  custom:video-decoder-webm-vp8: 9c59270c3fd7afecdb556c50c9e8de78 -> 
  custom:graphics/normal-map-encoding: 01000000000000000000000000000000 -> 02000000000000000000000000000000
  custom:audio-decoder-ogg-vorbis: bf7c407c2cedff20999df2af8eb42d56 -> 
  custom:audio-encoder-webm-vorbis: bf7c407c2cedff20999df2af8eb42d56 -> 
AssetImportWorkerClient::OnTransportError - code=2 error=End of file
